<?xml version="1.0" encoding="UTF-8"?>
<!-- Generated by org.testng.reporters.JUnitReportReporter -->
<testsuite skipped="0" hostname="Keyutechs-MacBook-Pro.local" name="Smoke_Test.Login_WindowHandler" tests="1" failures="0" timestamp="2021-06-07T18:52:01 IST" time="56.495" errors="0">
  <testcase name="Window_handle" time="56.495" classname="Smoke_Test.Login_WindowHandler"/>
  <system-out/>
</testsuite> <!-- Smoke_Test.Login_WindowHandler -->
