<?xml version="1.0" encoding="UTF-8"?>
<!-- Generated by org.testng.reporters.JUnitReportReporter -->
<testsuite skipped="0" hostname="Keyutechs-MacBook-Pro.local" name="Smoke_Test.Bulk_Cards_Creation" tests="1" failures="0" timestamp="2021-06-02T16:21:30 IST" time="50.461" errors="0">
  <testcase name="Bulk_Cards" time="50.461" classname="Smoke_Test.Bulk_Cards_Creation"/>
  <system-out/>
</testsuite> <!-- Smoke_Test.Bulk_Cards_Creation -->
